[2020-12-17 20:35:12] main.WARNING: Hello [] []
[2020-12-17 20:35:12] main.ERROR: world [] []
[2020-12-17 20:37:16] main.WARNING: Hello [] []
[2020-12-17 20:37:16] main.ERROR: world [] []
[2020-12-17 20:37:17] main.WARNING: Hello [] []
[2020-12-17 20:37:17] main.ERROR: world [] []
[2020-12-17 20:37:18] main.WARNING: Hello [] []
[2020-12-17 20:37:18] main.ERROR: world [] []
[2020-12-17 20:37:18] main.WARNING: Hello [] []
[2020-12-17 20:37:18] main.ERROR: world [] []
[2020-12-17 20:37:18] main.WARNING: Hello [] []
[2020-12-17 20:37:18] main.ERROR: world [] []
[2020-12-17 20:37:19] main.WARNING: Hello [] []
[2020-12-17 20:37:19] main.ERROR: world [] []
[2020-12-17 20:40:11] main.WARNING: 2097152 [] []
[2020-12-17 20:40:11] main.ERROR: world [] []
[2020-12-17 20:40:14] main.WARNING: 2097152 [] []
[2020-12-17 20:40:14] main.ERROR: world [] []
[2020-12-17 20:40:15] main.WARNING: 2097152 [] []
[2020-12-17 20:40:15] main.ERROR: world [] []
[2020-12-17 20:49:59] main.WARNING: 2097152 [] []
[2020-12-17 20:49:59] main.ERROR: world [] []
[2020-12-17 20:53:09] main.WARNING: 2097152 [] []
[2020-12-17 20:53:09] main.ERROR: world [] []
[2020-12-17 20:53:40] main.WARNING: 2097152 [] []
[2020-12-17 20:53:40] main.ERROR: world [] []
[2020-12-17 20:53:46] main.WARNING: 2097152 [] []
[2020-12-17 20:53:46] main.ERROR: world [] []
[2020-12-17 20:54:04] main.WARNING: 2097152 [] []
[2020-12-17 20:54:04] main.ERROR: world [] []
[2020-12-17 20:54:16] main.WARNING: 2097152 [] []
[2020-12-17 20:54:16] main.ERROR: world [] []
[2020-12-17 20:54:29] main.WARNING: 2097152 [] []
[2020-12-17 20:54:29] main.ERROR: world [] []
[2020-12-17 20:54:34] main.WARNING: 2097152 [] []
[2020-12-17 20:54:34] main.ERROR: world [] []
[2020-12-17 21:07:13] main.WARNING: 2097152 [] []
[2020-12-17 21:07:13] main.ERROR: world [] []
[2020-12-17 21:07:35] main.WARNING: 2097152 [] []
[2020-12-17 21:07:35] main.ERROR: world [] []
[2020-12-17 21:10:49] main.DEBUG: 2097152 [] []
[2020-12-17 21:10:49] main.DEBUG: Генерация переменных заняла 0 [] []
[2020-12-17 21:11:48] main.DEBUG: 2097152 [] []
[2020-12-17 21:11:48] main.DEBUG: Генерация переменных заняла -1608239507.9964 [] []
[2020-12-17 21:12:12] main.DEBUG: 2097152 [] []
[2020-12-17 21:12:12] main.DEBUG: Генерация переменных заняла 0.0024728775024414 [] []
[2020-12-17 21:12:17] main.DEBUG: 2097152 [] []
[2020-12-17 21:12:17] main.DEBUG: Генерация переменных заняла 0.0026278495788574 [] []
[2020-12-17 21:14:58] main.DEBUG: Использование памяти после инициализации 2097152 [] []
[2020-12-17 21:14:58] main.DEBUG: Генерация переменных заняла 0.0042510032653809 [] []
[2020-12-17 21:14:58] main.DEBUG: Полное время выполнения скрипта 3.0143258571625 [] []
[2020-12-17 21:14:58] main.DEBUG: Использование памяти всего2097152 [] []
[2020-12-17 21:16:33] main.DEBUG: Использование памяти после инициализации 2097152 [] []
[2020-12-17 21:16:33] main.DEBUG: Генерация переменных заняла 0.0017149448394775 [] []
[2020-12-17 21:16:33] main.DEBUG: Полное время выполнения скрипта 3.0064671039581 [] []
[2020-12-17 21:16:33] main.DEBUG: Использование памяти всего2097152 [] []
[2020-12-17 21:19:10] main.INFO: Использование памяти после инициализации 2097152 [] []
[2020-12-17 21:19:10] main.CRITICAL: Использование памяти всего2097152 [] []
[2020-12-17 21:21:37] main.INFO: Использование памяти после инициализации 2097152 [] []
[2020-12-17 21:21:37] main.CRITICAL: Использование памяти всего2097152 [] []
[2020-12-17 21:22:15] main.INFO: Использование памяти после инициализации 2097152 [] []
[2020-12-17 21:22:15] main.CRITICAL: Использование памяти всего2097152 [] []
[2020-12-17 21:23:58] main.INFO: Использование памяти после инициализации 2097152 [] []
[2020-12-17 21:23:58] main.CRITICAL: Использование памяти всего2097152 [] []
[2020-12-17 21:27:29] main.INFO: Использование памяти после инициализации 643352 [] []
[2020-12-17 21:27:29] main.CRITICAL: -643352 [] []
